#
# A fatal error has been detected by the Java Runtime Environment:
#
#  EXCEPTION_ACCESS_VIOLATION (0xc0000005) at pc=0x00000000692a9dc0, pid=4436, tid=2668
#
# JRE version: Java(TM) SE Runtime Environment (8.0_60-b27) (build 1.8.0_60-b27)
# Java VM: Java HotSpot(TM) 64-Bit Server VM (25.60-b23 mixed mode windows-amd64 compressed oops)
# Problematic frame:
# C  [atio6axx.dll+0x279dc0]
#
# Failed to write core dump. Minidumps are not enabled by default on client versions of Windows
#
# If you would like to submit a bug report, please visit:
#   http://bugreport.java.com/bugreport/crash.jsp
# The crash happened outside the Java Virtual Machine in native code.
# See problematic frame for where to report the bug.
#

---------------  T H R E A D  ---------------

Current thread (0x0000000002dbe000):  JavaThread "main" [_thread_in_native, id=2668, stack(0x0000000002c20000,0x0000000002d20000)]

siginfo: ExceptionCode=0xc0000005, reading address 0x0000000000000000

Registers:
RAX=0x0000000000000003, RBX=0x000000001ba2d000, RCX=0x000000001ba2d000, RDX=0x000000001ba2d030
RSP=0x0000000002d1e7b0, RBP=0x0000000000000840, RSI=0x0000000000000030, RDI=0x0000000000000000
R8 =0x000000001ba2d029, R9 =0x0000000000000000, R10=0x0000000017ba62e0, R11=0x0000000002d1eb60
R12=0x000000006a7fd080, R13=0x000000006a821c38, R14=0x0000000000000003, R15=0x0000000000000001
RIP=0x00000000692a9dc0, EFLAGS=0x0000000000010297

Top of Stack: (sp=0x0000000002d1e7b0)
0x0000000002d1e7b0:   0000000019de7810 000000006a3fbafb
0x0000000002d1e7c0:   0000000000000040 0000000000000018
0x0000000002d1e7d0:   0000000000000008 0000000069ba0000
0x0000000002d1e7e0:   000000000003fc00 0000000000000000
0x0000000002d1e7f0:   0000000017ba62e0 0000000019d78560
0x0000000002d1e800:   0000000000000030 0000000018ad6fe0
0x0000000002d1e810:   0000000019bf2540 000000006a3fbafb
0x0000000002d1e820:   0000000017ba62e0 0000000000000030
0x0000000002d1e830:   0000000000000040 0000000000000000
0x0000000002d1e840:   0000000000000008 0000000069ba32de
0x0000000002d1e850:   0000000000000000 0000000018ad6fe0
0x0000000002d1e860:   0000000019d78560 0000000017ba0000
0x0000000002d1e870:   0000000019be9100 0000000069923c94
0x0000000002d1e880:   0000000019de77f0 0000000000000000
0x0000000002d1e890:   0000000019cee4d0 0000000069924741
0x0000000002d1e8a0:   0000000000000000 0000000018bc3b60 

Instructions: (pc=0x00000000692a9dc0)
0x00000000692a9da0:   cc 63 ed ff eb 6c 8b d6 48 8b cb 48 03 d3 4c 8d
0x00000000692a9db0:   42 f9 49 3b d8 73 1d 66 0f 1f 84 00 00 00 00 00
0x00000000692a9dc0:   49 8b 01 48 83 c1 08 49 83 c1 08 48 89 41 f8 49
0x00000000692a9dd0:   3b c8 72 ec 4c 8d 42 fd 49 3b c8 73 16 0f 1f 00 


Register to memory mapping:

RAX=0x0000000000000003 is an unknown value
RBX=0x000000001ba2d000 is an unknown value
RCX=0x000000001ba2d000 is an unknown value
RDX=0x000000001ba2d030 is an unknown value
RSP=0x0000000002d1e7b0 is pointing into the stack for thread: 0x0000000002dbe000
RBP=0x0000000000000840 is an unknown value
RSI=0x0000000000000030 is an unknown value
RDI=0x0000000000000000 is an unknown value
R8 =0x000000001ba2d029 is an unknown value
R9 =0x0000000000000000 is an unknown value
R10=0x0000000017ba62e0 is an unknown value
R11=0x0000000002d1eb60 is pointing into the stack for thread: 0x0000000002dbe000
R12=0x000000006a7fd080 is an unknown value
R13=0x000000006a821c38 is an unknown value
R14=0x0000000000000003 is an unknown value
R15=0x0000000000000001 is an unknown value


Stack: [0x0000000002c20000,0x0000000002d20000],  sp=0x0000000002d1e7b0,  free space=1017k
Native frames: (J=compiled Java code, j=interpreted, Vv=VM code, C=native code)
C  [atio6axx.dll+0x279dc0]
C  [atio6axx.dll+0x238e27]
C  [atio6axx.dll+0x1c1aec]
C  [atio6axx.dll+0x43cb03]
C  0x0000000002edda2c

Java frames: (J=compiled Java code, j=interpreted, Vv=VM code)
j  org.lwjgl.opengl.GL11.nglDrawArrays(IIIJ)V+0
j  org.lwjgl.opengl.GL11.glDrawArrays(III)V+20
j  com.practice.engine2.Mesh.draw()V+19
j  com.practice.engine2.Game.render()V+4
j  com.practice.engine2.MainComponent.render()V+10
j  com.practice.engine2.MainComponent.run()V+139
j  com.practice.engine2.MainComponent.start()V+9
j  com.practice.engine2.MainComponent.main([Ljava/lang/String;)V+20
v  ~StubRoutines::call_stub

---------------  P R O C E S S  ---------------

Java Threads: ( => current thread )
  0x00000000173fc800 JavaThread "Service Thread" daemon [_thread_blocked, id=3180, stack(0x00000000177c0000,0x00000000178c0000)]
  0x000000001547f800 JavaThread "C1 CompilerThread2" daemon [_thread_blocked, id=4064, stack(0x00000000172c0000,0x00000000173c0000)]
  0x000000001545a800 JavaThread "C2 CompilerThread1" daemon [_thread_blocked, id=240, stack(0x00000000171c0000,0x00000000172c0000)]
  0x0000000015456000 JavaThread "C2 CompilerThread0" daemon [_thread_blocked, id=4208, stack(0x00000000170c0000,0x00000000171c0000)]
  0x000000001544b000 JavaThread "JDWP Command Reader" daemon [_thread_in_native, id=6248, stack(0x0000000016fc0000,0x00000000170c0000)]
  0x0000000015444800 JavaThread "JDWP Event Helper Thread" daemon [_thread_blocked, id=5136, stack(0x0000000016ec0000,0x0000000016fc0000)]
  0x0000000015441000 JavaThread "JDWP Transport Listener: dt_socket" daemon [_thread_blocked, id=5424, stack(0x0000000016dc0000,0x0000000016ec0000)]
  0x000000001542d000 JavaThread "Attach Listener" daemon [_thread_blocked, id=6824, stack(0x0000000016980000,0x0000000016a80000)]
  0x000000001542b800 JavaThread "Signal Dispatcher" daemon [_thread_blocked, id=6484, stack(0x0000000016880000,0x0000000016980000)]
  0x0000000002eb6800 JavaThread "Finalizer" daemon [_thread_blocked, id=500, stack(0x0000000016690000,0x0000000016790000)]
  0x0000000002ead800 JavaThread "Reference Handler" daemon [_thread_blocked, id=5476, stack(0x0000000016590000,0x0000000016690000)]
=>0x0000000002dbe000 JavaThread "main" [_thread_in_native, id=2668, stack(0x0000000002c20000,0x0000000002d20000)]

Other Threads:
  0x00000000153f8000 VMThread [stack: 0x0000000016490000,0x0000000016590000] [id=4940]
  0x000000001741a800 WatcherThread [stack: 0x00000000178c0000,0x00000000179c0000] [id=5992]

VM state:not at safepoint (normal execution)

VM Mutex/Monitor currently owned by a thread: None

Heap:
 PSYoungGen      total 18432K, used 4612K [0x00000000eb700000, 0x00000000ecb80000, 0x0000000100000000)
  eden space 15872K, 29% used [0x00000000eb700000,0x00000000ebb810b0,0x00000000ec680000)
  from space 2560K, 0% used [0x00000000ec900000,0x00000000ec900000,0x00000000ecb80000)
  to   space 2560K, 0% used [0x00000000ec680000,0x00000000ec680000,0x00000000ec900000)
 ParOldGen       total 42496K, used 0K [0x00000000c2400000, 0x00000000c4d80000, 0x00000000eb700000)
  object space 42496K, 0% used [0x00000000c2400000,0x00000000c2400000,0x00000000c4d80000)
 Metaspace       used 4334K, capacity 5623K, committed 5888K, reserved 1056768K
  class space    used 396K, capacity 456K, committed 512K, reserved 1048576K

Card table byte_map: [0x0000000012280000,0x0000000012470000] byte_map_base: 0x0000000011c6e000

Marking Bits: (ParMarkBitMap*) 0x000000005313a5b0
 Begin Bits: [0x00000000129c0000, 0x0000000013930000)
 End Bits:   [0x0000000013930000, 0x00000000148a0000)

Polling page: 0x0000000002c00000

CodeCache: size=245760Kb used=1522Kb max_used=1522Kb free=244237Kb
 bounds [0x0000000002ec0000, 0x0000000003130000, 0x0000000011ec0000]
 total_blobs=568 nmethods=224 adapters=266
 compilation: enabled

Compilation events (10 events):
Event: 0.744 Thread 0x000000001547f800  217       3       java.lang.Number::<init> (5 bytes)
Event: 0.744 Thread 0x000000001547f800 nmethod 217 0x000000000303a2d0 code [0x000000000303a420, 0x000000000303a5d0]
Event: 0.744 Thread 0x000000001547f800  218       3       java.lang.Integer::<init> (10 bytes)
Event: 0.745 Thread 0x000000001547f800 nmethod 218 0x000000000303a690 code [0x000000000303a800, 0x000000000303aa10]
Event: 0.746 Thread 0x000000001547f800  223       3       java.util.zip.ZipFile::access$400 (5 bytes)
Event: 0.746 Thread 0x000000001547f800 nmethod 223 0x000000000303aad0 code [0x000000000303ac20, 0x000000000303ad50]
Event: 0.746 Thread 0x000000001547f800  224       3       java.util.WeakHashMap::maskNull (12 bytes)
Event: 0.746 Thread 0x000000001547f800 nmethod 224 0x000000000303ae10 code [0x000000000303af60, 0x000000000303b0f0]
Event: 0.746 Thread 0x000000001547f800  225       3       java.util.WeakHashMap::hash (28 bytes)
Event: 0.747 Thread 0x000000001547f800 nmethod 225 0x000000000303b150 code [0x000000000303b2c0, 0x000000000303b508]

GC Heap History (0 events):
No events

Deoptimization events (0 events):
No events

Internal exceptions (2 events):
Event: 0.048 Thread 0x0000000002dbe000 Exception <a 'java/lang/NoSuchMethodError': Method sun.misc.Unsafe.defineClass(Ljava/lang/String;[BII)Ljava/lang/Class; name or signature does not match> (0x00000000eb70cdb8) thrown at [C:\re\workspace\8-2-build-windows-amd64-cygwin\jdk8u60\4407\hotspot\srÂ‹µ@Ò¨?
Event: 0.048 Thread 0x0000000002dbe000 Exception <a 'java/lang/NoSuchMethodError': Method sun.misc.Unsafe.prefetchRead(Ljava/lang/Object;J)V name or signature does not match> (0x00000000eb70d0a0) thrown at [C:\re\workspace\8-2-build-windows-amd64-cygwin\jdk8u60\4407\hotspot\src\share\vm\prims\j

Events (10 events):
Event: 0.742 Thread 0x0000000002dbe000 DEOPT PACKING pc=0x0000000002ffd61c sp=0x0000000002d1da40
Event: 0.742 Thread 0x0000000002dbe000 DEOPT UNPACKING pc=0x0000000002f0747f sp=0x0000000002d1d860 mode 1
Event: 0.742 Thread 0x0000000002dbe000 DEOPT PACKING pc=0x0000000002ffd3b4 sp=0x0000000002d1dbd0
Event: 0.742 Thread 0x0000000002dbe000 DEOPT UNPACKING pc=0x0000000002f0747f sp=0x0000000002d1da08 mode 1
Event: 0.744 loading class org/lwjgl/opengl/GL20
Event: 0.744 loading class org/lwjgl/opengl/GL20 done
Event: 0.744 Thread 0x0000000002dbe000 DEOPT PACKING pc=0x0000000002ffd61c sp=0x0000000002d1d990
Event: 0.744 Thread 0x0000000002dbe000 DEOPT UNPACKING pc=0x0000000002f0747f sp=0x0000000002d1d7b0 mode 1
Event: 0.744 Thread 0x0000000002dbe000 DEOPT PACKING pc=0x0000000002ffd3b4 sp=0x0000000002d1db20
Event: 0.744 Thread 0x0000000002dbe000 DEOPT UNPACKING pc=0x0000000002f0747f sp=0x0000000002d1d958 mode 1


Dynamic libraries:
0x00007ff60a080000 - 0x00007ff60a0b7000 	C:\Program Files\Java\jdk1.8.0_60\bin\javaw.exe
0x00007ffae82e0000 - 0x00007ffae84ad000 	C:\Windows\SYSTEM32\ntdll.dll
0x00007ffae81d0000 - 0x00007ffae827c000 	C:\Windows\system32\KERNEL32.DLL
0x00007ffae5070000 - 0x00007ffae5284000 	C:\Windows\system32\KERNELBASE.dll
0x00007ffae6280000 - 0x00007ffae6322000 	C:\Windows\system32\ADVAPI32.dll
0x00007ffae64b0000 - 0x00007ffae654e000 	C:\Windows\system32\msvcrt.dll
0x00007ffae8280000 - 0x00007ffae82da000 	C:\Windows\system32\sechost.dll
0x00007ffae6380000 - 0x00007ffae64a1000 	C:\Windows\system32\RPCRT4.dll
0x00007ffae5cf0000 - 0x00007ffae5e57000 	C:\Windows\system32\USER32.dll
0x00007ffae5050000 - 0x00007ffae506e000 	C:\Windows\system32\win32u.dll
0x00007ffae61d0000 - 0x00007ffae6201000 	C:\Windows\system32\GDI32.dll
0x00007ffae5290000 - 0x00007ffae5414000 	C:\Windows\system32\gdi32full.dll
0x00007ffad7c80000 - 0x00007ffad7eea000 	C:\Windows\WinSxS\amd64_microsoft.windows.common-controls_6595b64144ccf1df_6.0.14332.1001_none_7e2a8ddb6841a117\COMCTL32.dll
0x00007ffae5e60000 - 0x00007ffae610e000 	C:\Windows\system32\combase.dll
0x00007ffae5420000 - 0x00007ffae5515000 	C:\Windows\system32\ucrtbase.dll
0x00007ffae5630000 - 0x00007ffae5699000 	C:\Windows\system32\bcryptPrimitives.dll
0x00007ffae6350000 - 0x00007ffae637e000 	C:\Windows\system32\IMM32.DLL
0x00000000531c0000 - 0x0000000053292000 	C:\Program Files\Java\jdk1.8.0_60\jre\bin\msvcr100.dll
0x0000000052930000 - 0x00000000531b9000 	C:\Program Files\Java\jdk1.8.0_60\jre\bin\server\jvm.dll
0x00007ffae6340000 - 0x00007ffae6347000 	C:\Windows\system32\PSAPI.DLL
0x00007ffade0e0000 - 0x00007ffade0e9000 	C:\Windows\SYSTEM32\WSOCK32.dll
0x00007ffae2e60000 - 0x00007ffae2e83000 	C:\Windows\SYSTEM32\WINMM.dll
0x00007ffae0480000 - 0x00007ffae048a000 	C:\Windows\SYSTEM32\VERSION.dll
0x00007ffae6550000 - 0x00007ffae65bc000 	C:\Windows\system32\WS2_32.dll
0x00007ffae2e30000 - 0x00007ffae2e5c000 	C:\Windows\SYSTEM32\WINMMBASE.dll
0x00007ffae5870000 - 0x00007ffae58b2000 	C:\Windows\system32\cfgmgr32.dll
0x0000000052920000 - 0x000000005292f000 	C:\Program Files\Java\jdk1.8.0_60\jre\bin\verify.dll
0x00000000528f0000 - 0x0000000052919000 	C:\Program Files\Java\jdk1.8.0_60\jre\bin\java.dll
0x00000000528b0000 - 0x00000000528e5000 	C:\Program Files\Java\jdk1.8.0_60\jre\bin\jdwp.dll
0x00000000528a0000 - 0x00000000528a8000 	C:\Program Files\Java\jdk1.8.0_60\jre\bin\npt.dll
0x0000000052880000 - 0x0000000052896000 	C:\Program Files\Java\jdk1.8.0_60\jre\bin\zip.dll
0x00007ffae6750000 - 0x00007ffae7c15000 	C:\Windows\system32\SHELL32.dll
0x00007ffae4980000 - 0x00007ffae5041000 	C:\Windows\system32\windows.storage.dll
0x00007ffae4860000 - 0x00007ffae48ac000 	C:\Windows\system32\powrprof.dll
0x00007ffae6110000 - 0x00007ffae6161000 	C:\Windows\system32\shlwapi.dll
0x00007ffae48c0000 - 0x00007ffae48cf000 	C:\Windows\system32\kernel.appcore.dll
0x00007ffae48d0000 - 0x00007ffae4977000 	C:\Windows\system32\shcore.dll
0x00007ffae4840000 - 0x00007ffae4854000 	C:\Windows\system32\profapi.dll
0x0000000052870000 - 0x0000000052879000 	C:\Program Files\Java\jdk1.8.0_60\jre\bin\dt_socket.dll
0x00007ffacaf30000 - 0x00007ffacaf46000 	C:\Windows\system32\napinsp.dll
0x00007ffacaf50000 - 0x00007ffacaf6a000 	C:\Windows\system32\pnrpnsp.dll
0x00007ffae1e20000 - 0x00007ffae1e38000 	C:\Windows\system32\NLAapi.dll
0x00007ffae4170000 - 0x00007ffae41cc000 	C:\Windows\System32\mswsock.dll
0x00007ffae31c0000 - 0x00007ffae3268000 	C:\Windows\SYSTEM32\DNSAPI.dll
0x00007ffae6210000 - 0x00007ffae6218000 	C:\Windows\system32\NSI.dll
0x00007ffae3180000 - 0x00007ffae31b8000 	C:\Windows\SYSTEM32\IPHLPAPI.DLL
0x00007ffacb040000 - 0x00007ffacb04d000 	C:\Windows\System32\winrnr.dll
0x00007ffadcd60000 - 0x00007ffadcd75000 	C:\Windows\System32\wshbth.dll
0x00007ffadda30000 - 0x00007ffadda9a000 	C:\Windows\System32\fwpuclnt.dll
0x00007ffae4420000 - 0x00007ffae444a000 	C:\Windows\SYSTEM32\bcrypt.dll
0x00007ffada410000 - 0x00007ffada41a000 	C:\Windows\System32\rasadhlp.dll
0x0000000180000000 - 0x0000000180053000 	C:\Program Files\Java\slick-util\lib\natives\natives-windows\lwjgl64.dll
0x00007ffac8340000 - 0x00007ffac8463000 	C:\Windows\SYSTEM32\OPENGL32.dll
0x00007ffad5110000 - 0x00007ffad513d000 	C:\Windows\SYSTEM32\GLU32.dll
0x00007ffac69c0000 - 0x00007ffac6ab7000 	C:\Windows\SYSTEM32\DDRAW.dll
0x00007ffae09b0000 - 0x00007ffae09b8000 	C:\Windows\SYSTEM32\DCIMAN32.dll
0x00007ffae2fc0000 - 0x00007ffae3055000 	C:\Windows\system32\uxtheme.dll
0x00007ffae65c0000 - 0x00007ffae672b000 	C:\Windows\system32\MSCTF.dll
0x00007ffae7d60000 - 0x00007ffae7e1e000 	C:\Windows\system32\OLEAUT32.dll
0x00007ffae1dc0000 - 0x00007ffae1de7000 	C:\Windows\system32\dwmapi.dll
0x00007ffadc480000 - 0x00007ffadc489000 	C:\Windows\SYSTEM32\atig6pxx.dll
0x0000000069030000 - 0x000000006a988000 	C:\Windows\SYSTEM32\atio6axx.dll
0x00007ffae58c0000 - 0x00007ffae5cea000 	C:\Windows\system32\SETUPAPI.dll
0x00007ffade110000 - 0x00007ffade1a0000 	C:\Windows\SYSTEM32\atiadlxx.dll
0x00007ffae7c20000 - 0x00007ffae7d5b000 	C:\Windows\system32\ole32.dll
0x00007ffae3ff0000 - 0x00007ffae400f000 	C:\Windows\SYSTEM32\USERENV.dll
0x00007ffae2b80000 - 0x00007ffae2b93000 	C:\Windows\SYSTEM32\WTSAPI32.dll
0x00007ffae36d0000 - 0x00007ffae36f9000 	C:\Windows\SYSTEM32\DEVOBJ.dll
0x00007ffae55d0000 - 0x00007ffae5625000 	C:\Windows\system32\WINTRUST.dll
0x00007ffae48b0000 - 0x00007ffae48c0000 	C:\Windows\system32\MSASN1.dll
0x00007ffae56a0000 - 0x00007ffae5868000 	C:\Windows\system32\CRYPT32.dll
0x00007ffae04c0000 - 0x00007ffae05ce000 	C:\Windows\SYSTEM32\aticfx64.dll
0x00007ffad9890000 - 0x00007ffad989e000 	C:\Windows\SYSTEM32\atig6txx.dll
0x00007ffac9230000 - 0x00007ffac92c1000 	C:\Windows\SYSTEM32\mscms.dll
0x00007ffad4c20000 - 0x00007ffad4c62000 	C:\Windows\SYSTEM32\icm32.dll
0x00007ffac8b10000 - 0x00007ffac8ca1000 	C:\Windows\SYSTEM32\dbghelp.dll

VM Arguments:
jvm_args: -agentlib:jdwp=transport=dt_socket,suspend=y,address=localhost:51089 -Djava.library.path=C:\Program Files\Java\slick-util\lib\natives\natives-windows -Dfile.encoding=Cp1252 
java_command: com.practice.engine2.MainComponent
java_class_path (initial): C:\Users\Rafay Ameen\Repositories\Java\GameEngine3d\EnginePractice\bin;C:\Program Files\Java\slick-util\lib\lwjgl.jar;C:\Program Files\Java\slick-util\lib\slick-util.jar
Launcher Type: SUN_STANDARD

Environment Variables:
PATH=C:\Program Files\Java\jdk1.8.0_60\jre\bin;C:/Program Files/Java/jre1.8.0_60/bin/server;C:/Program Files/Java/jre1.8.0_60/bin;C:/Program Files/Java/jre1.8.0_60/lib/amd64;C:\ProgramData\Oracle\Java\javapath;C:\Windows\system32;C:\Windows;C:\Windows\System32\Wbem;C:\Windows\System32\WindowsPowerShell\v1.0\;C:\Program Files\Java\jdk1.8.0_60\bin;D:\Studies\android\android-sdk-windows\tools;C:\Android\sdk\tools;C:\Program Files\Git\cmd;C:\Users\Rafay Ameen\AppData\Local\Microsoft\WindowsApps;;D:\Studies\BSCS\8th\FYP\Libraries and IDE\eclipse\eclipse;
USERNAME=Rafay Ameen
OS=Windows_NT
PROCESSOR_IDENTIFIER=Intel64 Family 6 Model 37 Stepping 5, GenuineIntel



---------------  S Y S T E M  ---------------

OS: Windows 10.0 , 64 bit Build 14332 (10.0.14332.1001)

CPU:total 4 (2 cores per cpu, 2 threads per core) family 6 model 37 stepping 5, cmov, cx8, fxsr, mmx, sse, sse2, sse3, ssse3, sse4.1, sse4.2, popcnt, aes, clmul, ht, tsc, tscinvbit

Memory: 4k page, physical 4046260k(1534736k free), swap 4767156k(767412k free)

vm_info: Java HotSpot(TM) 64-Bit Server VM (25.60-b23) for windows-amd64 JRE (1.8.0_60-b27), built on Aug  4 2015 11:06:27 by "java_re" with MS VC++ 10.0 (VS2010)

time: Tue Jul 12 21:51:49 2016
elapsed time: 0 seconds (0d 0h 0m 0s)

